{"D:\\university\\2-course\\cross-platform\\labs\\lab5\\timer_rn\\App.js": {"path":"D:\\university\\2-course\\cross-platform\\labs\\lab5\\timer_rn\\App.js","statementMap":{"0":{"start":{"line":6,"column":2},"end":{"line":10,"column":4}},"1":{"start":{"line":13,"column":15},"end":{"line":20,"column":2}}},"fnMap":{"0":{"name":"App","decl":{"start":{"line":5,"column":24},"end":{"line":5,"column":27}},"loc":{"start":{"line":5,"column":30},"end":{"line":11,"column":1}},"line":5}},"branchMap":{},"s":{"0":0,"1":0},"f":{"0":0},"b":{}}
,"D:\\university\\2-course\\cross-platform\\labs\\lab5\\timer_rn\\index.js": {"path":"D:\\university\\2-course\\cross-platform\\labs\\lab5\\timer_rn\\index.js","statementMap":{"0":{"start":{"line":8,"column":0},"end":{"line":8,"column":27}}},"fnMap":{},"branchMap":{},"s":{"0":0},"f":{},"b":{}}
,"D:\\university\\2-course\\cross-platform\\labs\\lab5\\timer_rn\\components\\Timer.js": {"path":"D:\\university\\2-course\\cross-platform\\labs\\lab5\\timer_rn\\components\\Timer.js","statementMap":{"0":{"start":{"line":4,"column":14},"end":{"line":20,"column":1}},"1":{"start":{"line":5,"column":30},"end":{"line":5,"column":41}},"2":{"start":{"line":7,"column":4},"end":{"line":13,"column":11}},"3":{"start":{"line":8,"column":27},"end":{"line":10,"column":16}},"4":{"start":{"line":9,"column":12},"end":{"line":9,"column":39}},"5":{"start":{"line":9,"column":29},"end":{"line":9,"column":37}},"6":{"start":{"line":12,"column":8},"end":{"line":12,"column":47}},"7":{"start":{"line":12,"column":21},"end":{"line":12,"column":46}},"8":{"start":{"line":15,"column":4},"end":{"line":19,"column":6}},"9":{"start":{"line":22,"column":15},"end":{"line":33,"column":2}}},"fnMap":{"0":{"name":"(anonymous_0)","decl":{"start":{"line":4,"column":14},"end":{"line":4,"column":15}},"loc":{"start":{"line":4,"column":20},"end":{"line":20,"column":1}},"line":4},"1":{"name":"(anonymous_1)","decl":{"start":{"line":7,"column":14},"end":{"line":7,"column":15}},"loc":{"start":{"line":7,"column":20},"end":{"line":13,"column":5}},"line":7},"2":{"name":"(anonymous_2)","decl":{"start":{"line":8,"column":39},"end":{"line":8,"column":40}},"loc":{"start":{"line":8,"column":45},"end":{"line":10,"column":9}},"line":8},"3":{"name":"(anonymous_3)","decl":{"start":{"line":9,"column":21},"end":{"line":9,"column":22}},"loc":{"start":{"line":9,"column":29},"end":{"line":9,"column":37}},"line":9},"4":{"name":"(anonymous_4)","decl":{"start":{"line":12,"column":15},"end":{"line":12,"column":16}},"loc":{"start":{"line":12,"column":21},"end":{"line":12,"column":46}},"line":12}},"branchMap":{},"s":{"0":1,"1":3,"2":3,"3":1,"4":3,"5":3,"6":1,"7":1,"8":3,"9":1},"f":{"0":3,"1":1,"2":3,"3":3,"4":1},"b":{},"_coverageSchema":"1a1c01bbd47fc00a2c39e90264f33305004495a9","hash":"cc1f66b2698c4d186952cfbf17e1701e4f353c00"}
}
