TN:
SF:App.js
FN:5,App
FNF:1
FNH:0
FNDA:0,App
DA:6,0
DA:13,0
LF:2
LH:0
BRF:0
BRH:0
end_of_record
TN:
SF:index.js
FNF:0
FNH:0
DA:8,0
LF:1
LH:0
BRF:0
BRH:0
end_of_record
TN:
SF:components\Timer.js
FN:4,(anonymous_0)
FN:7,(anonymous_1)
FN:8,(anonymous_2)
FN:9,(anonymous_3)
FN:12,(anonymous_4)
FNF:5
FNH:5
FNDA:3,(anonymous_0)
FNDA:1,(anonymous_1)
FNDA:3,(anonymous_2)
FNDA:3,(anonymous_3)
FNDA:1,(anonymous_4)
DA:4,1
DA:5,3
DA:7,3
DA:8,1
DA:9,3
DA:12,1
DA:15,3
DA:22,1
LF:8
LH:8
BRF:0
BRH:0
end_of_record
