TN:
SF:App.js
FN:5,App
FNF:1
FNH:0
FNDA:0,App
DA:6,0
DA:13,0
LF:2
LH:0
BRF:0
BRH:0
end_of_record
TN:
SF:index.js
FNF:0
FNH:0
DA:8,0
LF:1
LH:0
BRF:0
BRH:0
end_of_record
TN:
SF:components\LoginScreen.js
FN:4,(anonymous_0)
FN:5,(anonymous_1)
FN:7,LoginScreen
FN:12,(anonymous_3)
FNF:4
FNH:4
FNDA:4,(anonymous_0)
FNDA:3,(anonymous_1)
FNDA:12,LoginScreen
FNDA:3,(anonymous_3)
DA:4,4
DA:5,3
DA:8,12
DA:9,12
DA:10,12
DA:12,12
DA:14,3
DA:15,1
DA:16,2
DA:17,1
DA:19,1
DA:23,12
DA:33,2
LF:13
LH:13
BRDA:14,0,0,1
BRDA:14,0,1,2
BRDA:16,1,0,1
BRDA:16,1,1,1
BRF:4
BRH:4
end_of_record
